0 info it worked if it ends with ok
1 verbose cli [ 'node', '/usr/local/bin/npm', 'install', 'child_process' ]
2 info using npm@1.2.10
3 info using node@v0.8.19
4 verbose read json /Users/corey/Development/node-backbone-skeleton/package.json
5 verbose read json /Users/corey/Development/node-backbone-skeleton/node_modules/express/package.json
6 verbose read json /Users/corey/Development/node-backbone-skeleton/node_modules/jade/package.json
7 verbose read json /Users/corey/Development/node-backbone-skeleton/node_modules/mongoose/package.json
8 verbose read json /Users/corey/Development/node-backbone-skeleton/node_modules/stylus/package.json
9 verbose read json /Users/corey/Development/node-backbone-skeleton/node_modules/watchr/package.json
10 verbose read json /Users/corey/Development/node-backbone-skeleton/package.json
11 verbose cache add [ 'child_process', null ]
12 verbose cache add name=undefined spec="child_process" args=["child_process",null]
13 verbose parsed url { pathname: 'child_process',
13 verbose parsed url   path: 'child_process',
13 verbose parsed url   href: 'child_process' }
14 silly lockFile 4845fa97-child-process child_process
15 verbose lock child_process /Users/corey/.npm/4845fa97-child-process.lock
16 silly lockFile 4845fa97-child-process child_process
17 silly lockFile 4845fa97-child-process child_process
18 verbose addNamed [ 'child_process', '' ]
19 verbose addNamed [ null, '' ]
20 silly lockFile 512a7ef6-child-process child_process@
21 verbose lock child_process@ /Users/corey/.npm/512a7ef6-child-process.lock
22 silly addNameRange { name: 'child_process', range: '', hasData: false }
23 verbose url raw child_process
24 verbose url resolving [ 'https://registry.npmjs.org/', './child_process' ]
25 verbose url resolved https://registry.npmjs.org/child_process
26 info trying registry request attempt 1 at 10:41:04
27 http GET https://registry.npmjs.org/child_process
28 http 404 https://registry.npmjs.org/child_process
29 silly registry.get cb [ 404,
29 silly registry.get   { server: 'CouchDB/1.2.1 (Erlang OTP/R15B)',
29 silly registry.get     date: 'Thu, 14 Feb 2013 16:39:08 GMT',
29 silly registry.get     'content-type': 'application/json',
29 silly registry.get     'content-length': '52',
29 silly registry.get     'cache-control': 'must-revalidate' } ]
30 silly lockFile 512a7ef6-child-process child_process@
31 silly lockFile 512a7ef6-child-process child_process@
32 error 404 'child_process' is not in the npm registry.
32 error 404 You should bug the author to publish it
32 error 404
32 error 404 Note that you can also install from a
32 error 404 tarball, folder, or http url, or git url.
33 error System Darwin 12.2.0
34 error command "node" "/usr/local/bin/npm" "install" "child_process"
35 error cwd /Users/corey/Development/node-backbone-skeleton
36 error node -v v0.8.19
37 error npm -v 1.2.10
38 error code E404
39 verbose exit [ 1, true ]
